<?xml version="1.0" encoding="UTF-8"?>
<!-- Generated by org.testng.reporters.JUnitReportReporter -->
<testsuite skipped="0" hostname="L03969" name="com.org.Maventhree.ThirdProject.ToTry" tests="1" failures="0" timestamp="27 Nov 2018 15:14:41 GMT" time="0.037" errors="0">
  <testcase name="Login" time="0.037" classname="com.org.Maventhree.ThirdProject.ToTry"/>
</testsuite> <!-- com.org.Maventhree.ThirdProject.ToTry -->
