<?xml version="1.0" encoding="UTF-8"?>
<!-- Generated by org.testng.reporters.JUnitReportReporter -->
<testsuite skipped="1" hostname="L03969" name="Testcases.FooterTest" tests="2" failures="0" timestamp="27 Nov 2018 09:56:13 GMT" time="0.104" errors="1">
  <testcase name="initialize" time="0.103" classname="Testcases.FooterTest">
    <error type="java.lang.Error" message="Unresolved compilation problems: 
	The type org.apache.poi.common.usermodel.HyperlinkType cannot be resolved. It is indirectly referenced from required .class files
	Type mismatch: cannot convert from Hyperlink to XSSFHyperlink
">
      <![CDATA[java.lang.Error: Unresolved compilation problems: 
	The type org.apache.poi.common.usermodel.HyperlinkType cannot be resolved. It is indirectly referenced from required .class files
	Type mismatch: cannot convert from Hyperlink to XSSFHyperlink

	at datatable.Xls_Reader.<init>(Xls_Reader.java:563)
	at Testcases.Testbase.initialize(Testbase.java:57)
	at sun.reflect.NativeMethodAccessorImpl.invoke0(Native Method)
	at sun.reflect.NativeMethodAccessorImpl.invoke(Unknown Source)
	at sun.reflect.DelegatingMethodAccessorImpl.invoke(Unknown Source)
	at java.lang.reflect.Method.invoke(Unknown Source)
	at org.testng.internal.MethodInvocationHelper.invokeMethod(MethodInvocationHelper.java:108)
	at org.testng.internal.Invoker.invokeConfigurationMethod(Invoker.java:523)
	at org.testng.internal.Invoker.invokeConfigurations(Invoker.java:224)
	at org.testng.internal.Invoker.invokeConfigurations(Invoker.java:146)
	at org.testng.SuiteRunner.privateRun(SuiteRunner.java:326)
	at org.testng.SuiteRunner.run(SuiteRunner.java:289)
	at org.testng.SuiteRunnerWorker.runSuite(SuiteRunnerWorker.java:52)
	at org.testng.SuiteRunnerWorker.run(SuiteRunnerWorker.java:86)
	at org.testng.TestNG.runSuitesSequentially(TestNG.java:1301)
	at org.testng.TestNG.runSuitesLocally(TestNG.java:1226)
	at org.testng.TestNG.runSuites(TestNG.java:1144)
	at org.testng.TestNG.run(TestNG.java:1115)
	at org.testng.remote.AbstractRemoteTestNG.run(AbstractRemoteTestNG.java:114)
	at org.testng.remote.RemoteTestNG.initAndRun(RemoteTestNG.java:251)
	at org.testng.remote.RemoteTestNG.main(RemoteTestNG.java:77)
]]>
    </error>
  </testcase> <!-- initialize -->
  <testcase name="testFooter" time="0.001" classname="Testcases.FooterTest">
    <skipped/>
  </testcase> <!-- testFooter -->
</testsuite> <!-- Testcases.FooterTest -->
